<?xml version="1.0" encoding="UTF-8"?>
<!-- Generated by org.testng.reporters.JUnitReportReporter -->
<testsuite hostname="ECOWS-146" failures="0" tests="2" name="testLayer.LoginPageTestUsingDataProvider" time="0.789" errors="0" timestamp="2025-09-11T17:12:45 IST" skipped="0">
  <testcase classname="testLayer.LoginPageTestUsingDataProvider" name="verifyLogin" time="0.514"/>
  <testcase classname="testLayer.LoginPageTestUsingDataProvider" name="verifyLogin" time="0.275"/>
</testsuite> <!-- testLayer.LoginPageTestUsingDataProvider -->
